<?xml version="1.0" encoding="UTF-8"?>
<!-- Generated by org.testng.reporters.JUnitXMLReporter -->
<testsuite ignored="0" hostname="L-IN-5CG1051FCQ" failures="1" tests="4" name="Car Loan" time="0.045" errors="0" timestamp="2023-06-23T15:15:00 IST">
  <testcase classname="test.day3" name="MobileLogincarLoan" time="0.003"/>
  <testcase classname="test.day3" name="MobilesignincarLoan" time="0.008"/>
  <testcase classname="test.day3" name="MobilesignoutcarLoan" time="0.009">
    <failure type="java.lang.Error" message="Unresolved compilation problem: 
	Syntax error, insert &amp;quot;;&amp;quot; to complete BlockStatements
">
      <![CDATA[java.lang.Error: Unresolved compilation problem: 
Syntax error, insert ";" to complete BlockStatements

at test.day3.MobilesignoutcarLoan(day3.java:25)
at java.base/java.util.ArrayList.forEach(ArrayList.java:1511)
... Removed 27 stack frames]]>
    </failure>
  </testcase> <!-- MobilesignoutcarLoan -->
  <testcase classname="test.day3" name="WeblogincarLoan" time="0.003"/>
</testsuite> <!-- Car Loan -->
