<?xml version="1.0" encoding="UTF-8"?>
<!-- Generated by org.testng.reporters.JUnitXMLReporter -->
<testsuite ignored="0" hostname="L-IN-5CG1051FCQ" failures="0" tests="10" name=" Loan Department" time="0.098" errors="0" timestamp="2023-06-23T15:20:36 IST">
  <testcase classname="test.day1" name="Demo" time="0.009"/>
  <testcase classname="test.day1" name="SecondTest" time="0.001"/>
  <testcase classname="test.day2" name="ploan" time="0.001"/>
  <testcase classname="test.day3" name="MobileLogincarLoan" time="0.001"/>
  <testcase classname="test.day3" name="MobilesignincarLoan" time="0.002"/>
  <testcase classname="test.day3" name="MobilesignoutcarLoan" time="0.002"/>
  <testcase classname="test.day3" name="WeblogincarLoan" time="0.002"/>
  <testcase classname="test.day4" name="LoginApIHomeLoan" time="0.002"/>
  <testcase classname="test.day4" name="MobileLoginHomeLoan" time="0.002"/>
  <testcase classname="test.day4" name="WebloginHomeLoan" time="0.001"/>
</testsuite> <!--  Loan Department -->
